[    5826ms] [ERROR] Mixed Content: The page at 'https://otherwise-importance-aurora-eternal.trycloudflare.com/' was loaded over HTTPS, but requested an insecure XMLHttpRequest endpoint 'http://abc.test/webapi/orders-report?period=current'. This request has been blocked; the content must be served over HTTPS. @ https://otherwise-importance-aurora-eternal.trycloudflare.com/build/assets/main.dd3e38c3.js:65
[    5827ms] [ERROR] Mixed Content: The page at 'https://otherwise-importance-aurora-eternal.trycloudflare.com/' was loaded over HTTPS, but requested an insecure XMLHttpRequest endpoint 'http://abc.test/webapi/menu/main'. This request has been blocked; the content must be served over HTTPS. @ https://otherwise-importance-aurora-eternal.trycloudflare.com/build/assets/main.dd3e38c3.js:65
[    5876ms] [ERROR] Mixed Content: The page at 'https://otherwise-importance-aurora-eternal.trycloudflare.com/' was loaded over HTTPS, but requested an insecure XMLHttpRequest endpoint 'http://abc.test/webapi/orders-report?period=current'. This request has been blocked; the content must be served over HTTPS. @ https://otherwise-importance-aurora-eternal.trycloudflare.com/build/assets/main.dd3e38c3.js:65
[    5881ms] [ERROR] Mixed Content: The page at 'https://otherwise-importance-aurora-eternal.trycloudflare.com/' was loaded over HTTPS, but requested an insecure XMLHttpRequest endpoint 'http://abc.test/webapi/channel-orders-report'. This request has been blocked; the content must be served over HTTPS. @ https://otherwise-importance-aurora-eternal.trycloudflare.com/build/assets/main.dd3e38c3.js:65
[    5920ms] [ERROR] Mixed Content: The page at 'https://otherwise-importance-aurora-eternal.trycloudflare.com/' was loaded over HTTPS, but requested an insecure XMLHttpRequest endpoint 'http://abc.test/webapi/orders-earning-report'. This request has been blocked; the content must be served over HTTPS. @ https://otherwise-importance-aurora-eternal.trycloudflare.com/build/assets/main.dd3e38c3.js:65
[    5937ms] TypeError: Cannot read properties of undefined (reading 'length')
    at Oe.value (https://otherwise-importance-aurora-eternal.trycloudflare.com/build/assets/main.dd3e38c3.js:6609:33385)
    at Oe.value (https://otherwise-importance-aurora-eternal.trycloudflare.com/build/assets/main.dd3e38c3.js:7385:6966)
    at Proxy.<anonymous> (https://otherwise-importance-aurora-eternal.trycloudflare.com/build/assets/main.dd3e38c3.js:6609:930)
    at https://otherwise-importance-aurora-eternal.trycloudflare.com/build/assets/main.dd3e38c3.js:7385:6235
    at new Promise (<anonymous>)
    at Proxy.value (https://otherwise-importance-aurora-eternal.trycloudflare.com/build/assets/main.dd3e38c3.js:7385:5739)
    at G (https://otherwise-importance-aurora-eternal.trycloudflare.com/build/assets/main.dd3e38c3.js:7385:20817)
[   62087ms] [ERROR] Mixed Content: The page at 'https://otherwise-importance-aurora-eternal.trycloudflare.com/' was loaded over HTTPS, but requested an insecure XMLHttpRequest endpoint 'http://abc.test/webapi/orders-report?period=current'. This request has been blocked; the content must be served over HTTPS. @ https://otherwise-importance-aurora-eternal.trycloudflare.com/build/assets/main.dd3e38c3.js:65
[   62087ms] [ERROR] Mixed Content: The page at 'https://otherwise-importance-aurora-eternal.trycloudflare.com/' was loaded over HTTPS, but requested an insecure XMLHttpRequest endpoint 'http://abc.test/webapi/menu/main'. This request has been blocked; the content must be served over HTTPS. @ https://otherwise-importance-aurora-eternal.trycloudflare.com/build/assets/main.dd3e38c3.js:65
[   62097ms] [ERROR] Mixed Content: The page at 'https://otherwise-importance-aurora-eternal.trycloudflare.com/' was loaded over HTTPS, but requested an insecure XMLHttpRequest endpoint 'http://abc.test/webapi/orders-report?period=current'. This request has been blocked; the content must be served over HTTPS. @ https://otherwise-importance-aurora-eternal.trycloudflare.com/build/assets/main.dd3e38c3.js:65
[   62100ms] [ERROR] Mixed Content: The page at 'https://otherwise-importance-aurora-eternal.trycloudflare.com/' was loaded over HTTPS, but requested an insecure XMLHttpRequest endpoint 'http://abc.test/webapi/channel-orders-report'. This request has been blocked; the content must be served over HTTPS. @ https://otherwise-importance-aurora-eternal.trycloudflare.com/build/assets/main.dd3e38c3.js:65
[   62127ms] [ERROR] Mixed Content: The page at 'https://otherwise-importance-aurora-eternal.trycloudflare.com/' was loaded over HTTPS, but requested an insecure XMLHttpRequest endpoint 'http://abc.test/webapi/orders-earning-report'. This request has been blocked; the content must be served over HTTPS. @ https://otherwise-importance-aurora-eternal.trycloudflare.com/build/assets/main.dd3e38c3.js:65
[   62138ms] TypeError: Cannot read properties of undefined (reading 'length')
    at Oe.value (https://otherwise-importance-aurora-eternal.trycloudflare.com/build/assets/main.dd3e38c3.js:6609:33385)
    at Oe.value (https://otherwise-importance-aurora-eternal.trycloudflare.com/build/assets/main.dd3e38c3.js:7385:6966)
    at Proxy.<anonymous> (https://otherwise-importance-aurora-eternal.trycloudflare.com/build/assets/main.dd3e38c3.js:6609:930)
    at https://otherwise-importance-aurora-eternal.trycloudflare.com/build/assets/main.dd3e38c3.js:7385:6235
    at new Promise (<anonymous>)
    at Proxy.value (https://otherwise-importance-aurora-eternal.trycloudflare.com/build/assets/main.dd3e38c3.js:7385:5739)
    at G (https://otherwise-importance-aurora-eternal.trycloudflare.com/build/assets/main.dd3e38c3.js:7385:20817)
[   65476ms] TypeError: Cannot read properties of undefined (reading 'length')
    at Oe.value (https://otherwise-importance-aurora-eternal.trycloudflare.com/build/assets/main.dd3e38c3.js:6609:33385)
    at Oe.value (https://otherwise-importance-aurora-eternal.trycloudflare.com/build/assets/main.dd3e38c3.js:7385:6966)
    at Oe.create (https://otherwise-importance-aurora-eternal.trycloudflare.com/build/assets/main.dd3e38c3.js:6609:930)
    at https://otherwise-importance-aurora-eternal.trycloudflare.com/build/assets/main.dd3e38c3.js:7385:12800
    at new Promise (<anonymous>)
    at Oe.value (https://otherwise-importance-aurora-eternal.trycloudflare.com/build/assets/main.dd3e38c3.js:7385:12729)
    at https://otherwise-importance-aurora-eternal.trycloudflare.com/build/assets/main.dd3e38c3.js:7385:16351
[   70065ms] [ERROR] Mixed Content: The page at 'https://otherwise-importance-aurora-eternal.trycloudflare.com/' was loaded over HTTPS, but requested an insecure XMLHttpRequest endpoint 'http://abc.test/webapi/orders-report?period=current'. This request has been blocked; the content must be served over HTTPS. @ https://otherwise-importance-aurora-eternal.trycloudflare.com/build/assets/main.dd3e38c3.js:65
[   70066ms] [ERROR] Mixed Content: The page at 'https://otherwise-importance-aurora-eternal.trycloudflare.com/' was loaded over HTTPS, but requested an insecure XMLHttpRequest endpoint 'http://abc.test/webapi/menu/main'. This request has been blocked; the content must be served over HTTPS. @ https://otherwise-importance-aurora-eternal.trycloudflare.com/build/assets/main.dd3e38c3.js:65
[   70075ms] [ERROR] Mixed Content: The page at 'https://otherwise-importance-aurora-eternal.trycloudflare.com/' was loaded over HTTPS, but requested an insecure XMLHttpRequest endpoint 'http://abc.test/webapi/orders-report?period=current'. This request has been blocked; the content must be served over HTTPS. @ https://otherwise-importance-aurora-eternal.trycloudflare.com/build/assets/main.dd3e38c3.js:65
[   70083ms] [ERROR] Mixed Content: The page at 'https://otherwise-importance-aurora-eternal.trycloudflare.com/' was loaded over HTTPS, but requested an insecure XMLHttpRequest endpoint 'http://abc.test/webapi/channel-orders-report'. This request has been blocked; the content must be served over HTTPS. @ https://otherwise-importance-aurora-eternal.trycloudflare.com/build/assets/main.dd3e38c3.js:65
[   70117ms] [ERROR] Mixed Content: The page at 'https://otherwise-importance-aurora-eternal.trycloudflare.com/' was loaded over HTTPS, but requested an insecure XMLHttpRequest endpoint 'http://abc.test/webapi/orders-earning-report'. This request has been blocked; the content must be served over HTTPS. @ https://otherwise-importance-aurora-eternal.trycloudflare.com/build/assets/main.dd3e38c3.js:65
[   70135ms] TypeError: Cannot read properties of undefined (reading 'length')
    at Oe.value (https://otherwise-importance-aurora-eternal.trycloudflare.com/build/assets/main.dd3e38c3.js:6609:33385)
    at Oe.value (https://otherwise-importance-aurora-eternal.trycloudflare.com/build/assets/main.dd3e38c3.js:7385:6966)
    at Proxy.<anonymous> (https://otherwise-importance-aurora-eternal.trycloudflare.com/build/assets/main.dd3e38c3.js:6609:930)
    at https://otherwise-importance-aurora-eternal.trycloudflare.com/build/assets/main.dd3e38c3.js:7385:6235
    at new Promise (<anonymous>)
    at Proxy.value (https://otherwise-importance-aurora-eternal.trycloudflare.com/build/assets/main.dd3e38c3.js:7385:5739)
    at G (https://otherwise-importance-aurora-eternal.trycloudflare.com/build/assets/main.dd3e38c3.js:7385:20817)
[   78220ms] TypeError: Cannot read properties of undefined (reading 'length')
    at Oe.value (https://otherwise-importance-aurora-eternal.trycloudflare.com/build/assets/main.dd3e38c3.js:6609:33385)
    at Oe.value (https://otherwise-importance-aurora-eternal.trycloudflare.com/build/assets/main.dd3e38c3.js:7385:6966)
    at Oe.create (https://otherwise-importance-aurora-eternal.trycloudflare.com/build/assets/main.dd3e38c3.js:6609:930)
    at https://otherwise-importance-aurora-eternal.trycloudflare.com/build/assets/main.dd3e38c3.js:7385:12800
    at new Promise (<anonymous>)
    at Oe.value (https://otherwise-importance-aurora-eternal.trycloudflare.com/build/assets/main.dd3e38c3.js:7385:12729)
    at https://otherwise-importance-aurora-eternal.trycloudflare.com/build/assets/main.dd3e38c3.js:7385:16351
