[     823ms] [LOG] Supported image mime types Set(5) @ https://web.telegram.org/k/index-DNp74U6Y.js:22
[     882ms] [LOG] Elapsed time since unlocked: 5.616943359375 ms allStates loaded @ https://web.telegram.org/k/index-DNp74U6Y.js:22
[     883ms] [LOG] Elapsed time since unlocked: 6.804931640625 ms singleInstance started @ https://web.telegram.org/k/index-DNp74U6Y.js:22
[     898ms] [LOG] Elapsed time since unlocked: 21.5380859375 ms sent all states (1) @ https://web.telegram.org/k/index-DNp74U6Y.js:22
[     937ms] [LOG] Elapsed time since unlocked: 60.833984375 ms await I18n.getCacheLangPack() @ https://web.telegram.org/k/index-DNp74U6Y.js:22
[     960ms] [LOG] Elapsed time since unlocked: 84.2529296875 ms sent all states (2) @ https://web.telegram.org/k/index-DNp74U6Y.js:22
[     964ms] [LOG] got state, time: 151.70000000298023 @ https://web.telegram.org/k/index-DNp74U6Y.js:22
[     964ms] [LOG] Elapsed time since unlocked: 87.623046875 ms IMAGE_MIME_TYPES_SUPPORTED_PROMISE @ https://web.telegram.org/k/index-DNp74U6Y.js:22
[     964ms] [LOG] Will mount IM page: 1775706764.831 @ https://web.telegram.org/k/index-DNp74U6Y.js:22
[   29786ms] Object
[   29796ms] Object
[   29796ms] Object
[   29796ms] Object
[  233129ms] TypeError: Cannot destructure property 'text' of 'this.selectedMessagesText' as it is undefined.
    at onCopyClick (https://web.telegram.org/k/appDialogsManager-BPVTNOCq.js:193:9844)
    at https://web.telegram.org/k/appDialogsManager-BPVTNOCq.js:30:48559
    at HTMLDivElement.e (https://web.telegram.org/k/index-DNp74U6Y.js:3:146034)
[  248956ms] TypeError: Cannot destructure property 'text' of 'this.selectedMessagesText' as it is undefined.
    at onCopyClick (https://web.telegram.org/k/appDialogsManager-BPVTNOCq.js:193:9844)
    at https://web.telegram.org/k/appDialogsManager-BPVTNOCq.js:30:48559
    at HTMLDivElement.e (https://web.telegram.org/k/index-DNp74U6Y.js:3:146034)
